# JRE version: OpenJDK Runtime Environment Temurin-17.0.6+10 (17.0.6+10) (build 17.0.6+10)
# Java VM: OpenJDK 64-Bit Server VM Temurin-17.0.6+10 (17.0.6+10, mixed mode, tiered, compressed oops, compressed class ptrs, parallel gc, windows-amd64)
GC Precious Log:
 CPUs: 8 total, 8 available
 Memory: 32140M
 Large Page Support: Disabled
 NUMA Support: Disabled
 Compressed Oops: Enabled (32-bit)
 Alignments: Space 512K, Generation 512K, Heap 2M
 Heap Min Capacity: 100M
 Heap Initial Capacity: 100M
 Heap Max Capacity: 2G
 Pre-touch: Disabled
 Parallel Workers: 8
Heap:
 PSYoungGen      total 3072K, used 1023K [0x00000000d5580000, 0x00000000d5a80000, 0x0000000100000000)
  eden space 1024K, 99% used [0x00000000d5580000,0x00000000d567ffc0,0x00000000d5680000)
  from space 2048K, 0% used [0x00000000d5880000,0x00000000d5880000,0x00000000d5a80000)
  to   space 2048K, 0% used [0x00000000d5680000,0x00000000d5680000,0x00000000d5880000)
 ParOldGen       total 303616K, used 248673K [0x0000000080000000, 0x0000000092880000, 0x00000000d5580000)
  object space 303616K, 81% used [0x0000000080000000,0x000000008f2d8418,0x0000000092880000)
 Metaspace       used 81266K, committed 82688K, reserved 1130496K
  class space    used 8272K, committed 8832K, reserved 1048576K
GC Heap History (20 events):
Event: 1770.024 GC heap before
{Heap before GC invocations=1194 (full 27):
 PSYoungGen      total 4608K, used 4190K [0x00000000d5580000, 0x00000000d5b80000, 0x0000000100000000)
  eden space 3072K, 100% used [0x00000000d5580000,0x00000000d5880000,0x00000000d5880000)
  from space 1536K, 72% used [0x00000000d5a00000,0x00000000d5b17b50,0x00000000d5b80000)
  to   space 1536K, 0% used [0x00000000d5880000,0x00000000d5880000,0x00000000d5a00000)
 ParOldGen       total 301056K, used 293876K [0x0000000080000000, 0x0000000092600000, 0x00000000d5580000)
  object space 301056K, 97% used [0x0000000080000000,0x0000000091efd138,0x0000000092600000)
 Metaspace       used 81060K, committed 82304K, reserved 1130496K
  class space    used 8262K, committed 8768K, reserved 1048576K
}
Event: 1770.028 GC heap after
{Heap after GC invocations=1194 (full 27):
 PSYoungGen      total 4608K, used 1216K [0x00000000d5580000, 0x00000000d5b80000, 0x0000000100000000)
  eden space 3072K, 0% used [0x00000000d5580000,0x00000000d5580000,0x00000000d5880000)
  from space 1536K, 79% used [0x00000000d5880000,0x00000000d59b0000,0x00000000d5a00000)
  to   space 1536K, 0% used [0x00000000d5a00000,0x00000000d5a00000,0x00000000d5b80000)
 ParOldGen       total 301056K, used 294912K [0x0000000080000000, 0x0000000092600000, 0x00000000d5580000)
  object space 301056K, 97% used [0x0000000080000000,0x0000000092000128,0x0000000092600000)
 Metaspace       used 81060K, committed 82304K, reserved 1130496K
  class space    used 8262K, committed 8768K, reserved 1048576K
}
Event: 33175.202 GC heap before
{Heap before GC invocations=1195 (full 27):
 PSYoungGen      total 4608K, used 4287K [0x00000000d5580000, 0x00000000d5b80000, 0x0000000100000000)
  eden space 3072K, 99% used [0x00000000d5580000,0x00000000d587ffe0,0x00000000d5880000)
  from space 1536K, 79% used [0x00000000d5880000,0x00000000d59b0000,0x00000000d5a00000)
  to   space 1536K, 0% used [0x00000000d5a00000,0x00000000d5a00000,0x00000000d5b80000)
 ParOldGen       total 301056K, used 294912K [0x0000000080000000, 0x0000000092600000, 0x00000000d5580000)
  object space 301056K, 97% used [0x0000000080000000,0x0000000092000128,0x0000000092600000)
 Metaspace       used 81072K, committed 82304K, reserved 1130496K
  class space    used 8262K, committed 8768K, reserved 1048576K
}
Event: 33175.204 GC heap after
{Heap after GC invocations=1195 (full 27):
 PSYoungGen      total 3584K, used 192K [0x00000000d5580000, 0x00000000d5a80000, 0x0000000100000000)
  eden space 3072K, 0% used [0x00000000d5580000,0x00000000d5580000,0x00000000d5880000)
  from space 512K, 37% used [0x00000000d5a00000,0x00000000d5a30000,0x00000000d5a80000)
  to   space 1024K, 0% used [0x00000000d5880000,0x00000000d5880000,0x00000000d5980000)
 ParOldGen       total 301056K, used 296102K [0x0000000080000000, 0x0000000092600000, 0x00000000d5580000)
  object space 301056K, 98% used [0x0000000080000000,0x0000000092129a70,0x0000000092600000)
 Metaspace       used 81072K, committed 82304K, reserved 1130496K
  class space    used 8262K, committed 8768K, reserved 1048576K
}
Event: 33175.213 GC heap before
{Heap before GC invocations=1196 (full 27):
 PSYoungGen      total 3584K, used 3264K [0x00000000d5580000, 0x00000000d5a80000, 0x0000000100000000)
  eden space 3072K, 100% used [0x00000000d5580000,0x00000000d5880000,0x00000000d5880000)
  from space 512K, 37% used [0x00000000d5a00000,0x00000000d5a30000,0x00000000d5a80000)
  to   space 1024K, 0% used [0x00000000d5880000,0x00000000d5880000,0x00000000d5980000)
 ParOldGen       total 301056K, used 296102K [0x0000000080000000, 0x0000000092600000, 0x00000000d5580000)
  object space 301056K, 98% used [0x0000000080000000,0x0000000092129a70,0x0000000092600000)
 Metaspace       used 81072K, committed 82304K, reserved 1130496K
  class space    used 8262K, committed 8768K, reserved 1048576K
}
Event: 33175.214 GC heap after
{Heap after GC invocations=1196 (full 27):
 PSYoungGen      total 4096K, used 64K [0x00000000d5580000, 0x00000000d5a80000, 0x0000000100000000)
  eden space 3072K, 0% used [0x00000000d5580000,0x00000000d5580000,0x00000000d5880000)
  from space 1024K, 6% used [0x00000000d5880000,0x00000000d5890000,0x00000000d5980000)
  to   space 512K, 0% used [0x00000000d5a00000,0x00000000d5a00000,0x00000000d5a80000)
 ParOldGen       total 301056K, used 296166K [0x0000000080000000, 0x0000000092600000, 0x00000000d5580000)
  object space 301056K, 98% used [0x0000000080000000,0x0000000092139a70,0x0000000092600000)
 Metaspace       used 81072K, committed 82304K, reserved 1130496K
  class space    used 8262K, committed 8768K, reserved 1048576K
}
Event: 33175.224 GC heap before
{Heap before GC invocations=1197 (full 27):
 PSYoungGen      total 4096K, used 3136K [0x00000000d5580000, 0x00000000d5a80000, 0x0000000100000000)
  eden space 3072K, 100% used [0x00000000d5580000,0x00000000d5880000,0x00000000d5880000)
  from space 1024K, 6% used [0x00000000d5880000,0x00000000d5890000,0x00000000d5980000)
  to   space 512K, 0% used [0x00000000d5a00000,0x00000000d5a00000,0x00000000d5a80000)
 ParOldGen       total 301056K, used 296166K [0x0000000080000000, 0x0000000092600000, 0x00000000d5580000)
  object space 301056K, 98% used [0x0000000080000000,0x0000000092139a70,0x0000000092600000)
 Metaspace       used 81072K, committed 82304K, reserved 1130496K
  class space    used 8262K, committed 8768K, reserved 1048576K
}
Event: 33175.225 GC heap after
{Heap after GC invocations=1197 (full 27):
 PSYoungGen      total 3584K, used 64K [0x00000000d5580000, 0x00000000d5a80000, 0x0000000100000000)
  eden space 3072K, 0% used [0x00000000d5580000,0x00000000d5580000,0x00000000d5880000)
  from space 512K, 12% used [0x00000000d5a00000,0x00000000d5a10000,0x00000000d5a80000)
  to   space 512K, 0% used [0x00000000d5980000,0x00000000d5980000,0x00000000d5a00000)
 ParOldGen       total 301056K, used 296190K [0x0000000080000000, 0x0000000092600000, 0x00000000d5580000)
  object space 301056K, 98% used [0x0000000080000000,0x000000009213fa70,0x0000000092600000)
 Metaspace       used 81072K, committed 82304K, reserved 1130496K
  class space    used 8262K, committed 8768K, reserved 1048576K
}
Event: 37599.678 GC heap before
{Heap before GC invocations=1198 (full 27):
 PSYoungGen      total 3584K, used 3136K [0x00000000d5580000, 0x00000000d5a80000, 0x0000000100000000)
  eden space 3072K, 100% used [0x00000000d5580000,0x00000000d5880000,0x00000000d5880000)
  from space 512K, 12% used [0x00000000d5a00000,0x00000000d5a10000,0x00000000d5a80000)
  to   space 512K, 0% used [0x00000000d5980000,0x00000000d5980000,0x00000000d5a00000)
 ParOldGen       total 301056K, used 296190K [0x0000000080000000, 0x0000000092600000, 0x00000000d5580000)
  object space 301056K, 98% used [0x0000000080000000,0x000000009213fa70,0x0000000092600000)
 Metaspace       used 81076K, committed 82304K, reserved 1130496K
  class space    used 8262K, committed 8768K, reserved 1048576K
}
Event: 37599.680 GC heap after
{Heap after GC invocations=1198 (full 27):
 PSYoungGen      total 3584K, used 96K [0x00000000d5580000, 0x00000000d5a80000, 0x0000000100000000)
  eden space 3072K, 0% used [0x00000000d5580000,0x00000000d5580000,0x00000000d5880000)
  from space 512K, 18% used [0x00000000d5980000,0x00000000d5998000,0x00000000d5a00000)
  to   space 512K, 0% used [0x00000000d5a00000,0x00000000d5a00000,0x00000000d5a80000)
 ParOldGen       total 301056K, used 296198K [0x0000000080000000, 0x0000000092600000, 0x00000000d5580000)
  object space 301056K, 98% used [0x0000000080000000,0x0000000092141a70,0x0000000092600000)
 Metaspace       used 81076K, committed 82304K, reserved 1130496K
  class space    used 8262K, committed 8768K, reserved 1048576K
}
Event: 40828.599 GC heap before
{Heap before GC invocations=1199 (full 27):
 PSYoungGen      total 3584K, used 3161K [0x00000000d5580000, 0x00000000d5a80000, 0x0000000100000000)
  eden space 3072K, 99% used [0x00000000d5580000,0x00000000d587e630,0x00000000d5880000)
  from space 512K, 18% used [0x00000000d5980000,0x00000000d5998000,0x00000000d5a00000)
  to   space 512K, 0% used [0x00000000d5a00000,0x00000000d5a00000,0x00000000d5a80000)
 ParOldGen       total 301056K, used 296198K [0x0000000080000000, 0x0000000092600000, 0x00000000d5580000)
  object space 301056K, 98% used [0x0000000080000000,0x0000000092141a70,0x0000000092600000)
 Metaspace       used 81226K, committed 82432K, reserved 1130496K
  class space    used 8286K, committed 8768K, reserved 1048576K
}
Event: 40828.601 GC heap after
{Heap after GC invocations=1199 (full 27):
 PSYoungGen      total 3584K, used 224K [0x00000000d5580000, 0x00000000d5a80000, 0x0000000100000000)
  eden space 3072K, 0% used [0x00000000d5580000,0x00000000d5580000,0x00000000d5880000)
  from space 512K, 43% used [0x00000000d5a00000,0x00000000d5a38000,0x00000000d5a80000)
  to   space 512K, 0% used [0x00000000d5980000,0x00000000d5980000,0x00000000d5a00000)
 ParOldGen       total 301056K, used 296206K [0x0000000080000000, 0x0000000092600000, 0x00000000d5580000)
  object space 301056K, 98% used [0x0000000080000000,0x0000000092143a70,0x0000000092600000)
 Metaspace       used 81226K, committed 82432K, reserved 1130496K
  class space    used 8286K, committed 8768K, reserved 1048576K
}
Event: 40828.708 GC heap before
{Heap before GC invocations=1200 (full 27):
 PSYoungGen      total 3584K, used 3296K [0x00000000d5580000, 0x00000000d5a80000, 0x0000000100000000)
  eden space 3072K, 100% used [0x00000000d5580000,0x00000000d5880000,0x00000000d5880000)
  from space 512K, 43% used [0x00000000d5a00000,0x00000000d5a38000,0x00000000d5a80000)
  to   space 512K, 0% used [0x00000000d5980000,0x00000000d5980000,0x00000000d5a00000)
 ParOldGen       total 301056K, used 296206K [0x0000000080000000, 0x0000000092600000, 0x00000000d5580000)
  object space 301056K, 98% used [0x0000000080000000,0x0000000092143a70,0x0000000092600000)
 Metaspace       used 81427K, committed 82688K, reserved 1130496K
  class space    used 8314K, committed 8832K, reserved 1048576K
}
Event: 40828.710 GC heap after
{Heap after GC invocations=1200 (full 27):
 PSYoungGen      total 3584K, used 485K [0x00000000d5580000, 0x00000000d5b80000, 0x0000000100000000)
  eden space 3072K, 0% used [0x00000000d5580000,0x00000000d5580000,0x00000000d5880000)
  from space 512K, 94% used [0x00000000d5980000,0x00000000d59f9778,0x00000000d5a00000)
  to   space 1536K, 0% used [0x00000000d5a00000,0x00000000d5a00000,0x00000000d5b80000)
 ParOldGen       total 301056K, used 296708K [0x0000000080000000, 0x0000000092600000, 0x00000000d5580000)
  object space 301056K, 98% used [0x0000000080000000,0x00000000921c11e8,0x0000000092600000)
 Metaspace       used 81427K, committed 82688K, reserved 1130496K
  class space    used 8314K, committed 8832K, reserved 1048576K
}
Event: 40828.719 GC heap before
{Heap before GC invocations=1201 (full 27):
 PSYoungGen      total 3584K, used 3557K [0x00000000d5580000, 0x00000000d5b80000, 0x0000000100000000)
  eden space 3072K, 100% used [0x00000000d5580000,0x00000000d5880000,0x00000000d5880000)
  from space 512K, 94% used [0x00000000d5980000,0x00000000d59f9778,0x00000000d5a00000)
  to   space 1536K, 0% used [0x00000000d5a00000,0x00000000d5a00000,0x00000000d5b80000)
 ParOldGen       total 301056K, used 296708K [0x0000000080000000, 0x0000000092600000, 0x00000000d5580000)
  object space 301056K, 98% used [0x0000000080000000,0x00000000921c11e8,0x0000000092600000)
 Metaspace       used 81427K, committed 82688K, reserved 1130496K
  class space    used 8314K, committed 8832K, reserved 1048576K
}
Event: 40828.725 GC heap after
{Heap after GC invocations=1201 (full 27):
 PSYoungGen      total 2048K, used 1536K [0x00000000d5580000, 0x00000000d6080000, 0x0000000100000000)
  eden space 512K, 0% used [0x00000000d5580000,0x00000000d5580000,0x00000000d5600000)
  from space 1536K, 100% used [0x00000000d5a00000,0x00000000d5b80000,0x00000000d5b80000)
  to   space 4096K, 0% used [0x00000000d5600000,0x00000000d5600000,0x00000000d5a00000)
 ParOldGen       total 301056K, used 298642K [0x0000000080000000, 0x0000000092600000, 0x00000000d5580000)
  object space 301056K, 99% used [0x0000000080000000,0x00000000923a4960,0x0000000092600000)
 Metaspace       used 81427K, committed 82688K, reserved 1130496K
  class space    used 8314K, committed 8832K, reserved 1048576K
}
Event: 40828.727 GC heap before
{Heap before GC invocations=1202 (full 27):
 PSYoungGen      total 2048K, used 2048K [0x00000000d5580000, 0x00000000d6080000, 0x0000000100000000)
  eden space 512K, 100% used [0x00000000d5580000,0x00000000d5600000,0x00000000d5600000)
  from space 1536K, 100% used [0x00000000d5a00000,0x00000000d5b80000,0x00000000d5b80000)
  to   space 4096K, 0% used [0x00000000d5600000,0x00000000d5600000,0x00000000d5a00000)
 ParOldGen       total 301056K, used 298642K [0x0000000080000000, 0x0000000092600000, 0x00000000d5580000)
  object space 301056K, 99% used [0x0000000080000000,0x00000000923a4960,0x0000000092600000)
 Metaspace       used 81427K, committed 82688K, reserved 1130496K
  class space    used 8314K, committed 8832K, reserved 1048576K
}
Event: 40828.733 GC heap after
{Heap after GC invocations=1202 (full 27):
 PSYoungGen      total 1536K, used 576K [0x00000000d5580000, 0x00000000d5a80000, 0x0000000100000000)
  eden space 512K, 0% used [0x00000000d5580000,0x00000000d5580000,0x00000000d5600000)
  from space 1024K, 56% used [0x00000000d5600000,0x00000000d5690000,0x00000000d5700000)
  to   space 2048K, 0% used [0x00000000d5880000,0x00000000d5880000,0x00000000d5a80000)
 ParOldGen       total 301056K, used 300194K [0x0000000080000000, 0x0000000092600000, 0x00000000d5580000)
  object space 301056K, 99% used [0x0000000080000000,0x0000000092528960,0x0000000092600000)
 Metaspace       used 81427K, committed 82688K, reserved 1130496K
  class space    used 8314K, committed 8832K, reserved 1048576K
}
Event: 40828.733 GC heap before
{Heap before GC invocations=1203 (full 28):
 PSYoungGen      total 1536K, used 576K [0x00000000d5580000, 0x00000000d5a80000, 0x0000000100000000)
  eden space 512K, 0% used [0x00000000d5580000,0x00000000d5580000,0x00000000d5600000)
  from space 1024K, 56% used [0x00000000d5600000,0x00000000d5690000,0x00000000d5700000)
  to   space 2048K, 0% used [0x00000000d5880000,0x00000000d5880000,0x00000000d5a80000)
 ParOldGen       total 301056K, used 300194K [0x0000000080000000, 0x0000000092600000, 0x00000000d5580000)
  object space 301056K, 99% used [0x0000000080000000,0x0000000092528960,0x0000000092600000)
 Metaspace       used 81427K, committed 82688K, reserved 1130496K
  class space    used 8314K, committed 8832K, reserved 1048576K
}
Event: 40828.909 GC heap after
{Heap after GC invocations=1203 (full 28):
 PSYoungGen      total 3072K, used 0K [0x00000000d5580000, 0x00000000d5a80000, 0x0000000100000000)
  eden space 1024K, 0% used [0x00000000d5580000,0x00000000d5580000,0x00000000d5680000)
  from space 2048K, 0% used [0x00000000d5880000,0x00000000d5880000,0x00000000d5a80000)
  to   space 2048K, 0% used [0x00000000d5680000,0x00000000d5680000,0x00000000d5880000)
 ParOldGen       total 303616K, used 248673K [0x0000000080000000, 0x0000000092880000, 0x00000000d5580000)
  object space 303616K, 81% used [0x0000000080000000,0x000000008f2d8418,0x0000000092880000)
 Metaspace       used 81266K, committed 82688K, reserved 1130496K
  class space    used 8272K, committed 8832K, reserved 1048576K
}

